<?xml version="1.0" encoding="UTF-8"?>
<testng-results ignored="0" total="1" passed="1" failed="0" skipped="0">
  <reporter-output>
    <line>
      <![CDATA[companign is created]]>
    </line>
  </reporter-output>
  <suite started-at="2025-03-12T11:03:27 IST" name="Suite" finished-at="2025-03-12T11:03:27 IST" duration-ms="75">
    <groups>
    </groups>
    <test started-at="2025-03-12T11:03:27 IST" name="Test" finished-at="2025-03-12T11:03:27 IST" duration-ms="75">
      <class name="maven.CompanignModule">
        <test-method signature="compan()[pri:0, instance:maven.CompanignModule@3e694b3f]" started-at="2025-03-12T11:03:27 IST" name="compan" finished-at="2025-03-12T11:03:27 IST" duration-ms="13" status="PASS">
          <reporter-output>
            <line>
              <![CDATA[companign is created]]>
            </line>
          </reporter-output>
        </test-method> <!-- compan -->
      </class> <!-- maven.CompanignModule -->
    </test> <!-- Test -->
  </suite> <!-- Suite -->
</testng-results>
